<?xml version="1.0" encoding="UTF-8"?>
<testsuite name="de.blinkt.openvpn.ExampleUnitTest" tests="1" skipped="0" failures="0" errors="0" timestamp="2023-04-23T00:58:18" hostname="awen.aeza.network" time="0.013">
  <properties/>
  <testcase name="addition_isCorrect" classname="de.blinkt.openvpn.ExampleUnitTest" time="0.013"/>
  <system-out><![CDATA[]]></system-out>
  <system-err><![CDATA[]]></system-err>
</testsuite>
